<?xml version="1.0" encoding="UTF-8" ?>
<testsuites disabled="0" errors="0" failures="4" tests="4" time="60.053">
 <testsuite name="Okta Hosted Login Flow" timestamp="2019-09-30T22:13:10" hostname="localhost" time="60.053" errors="0" tests="4" skipped="0" disabled="0" failures="4">
  <testcase classname="Okta Hosted Login Flow" name="can login with Okta as the IDP" time="0.014">
   <failure type="exception" message="TypeError: Parameter &quot;url&quot; must be a string, not undefined"><![CDATA[TypeError: Parameter "url" must be a string, not undefined
    at Url.parse (url.js:103:11)
    at Object.urlParse [as parse] (url.js:97:13)
    at UserContext.it (/Users/haishengwu/freizl/haskell-okta/samples/test-e2e/node_modules/okta-oidc-tck/e2e-tests/okta-hosted-login/specs/okta-hosted-login-flow-spec.js:42:31)
    at /Users/haishengwu/freizl/haskell-okta/samples/test-e2e/node_modules/jasminewd2/index.js:112:25
    at new ManagedPromise (/Users/haishengwu/freizl/haskell-okta/samples/test-e2e/node_modules/selenium-webdriver/lib/promise.js:1077:7)
    at ControlFlow.promise (/Users/haishengwu/freizl/haskell-okta/samples/test-e2e/node_modules/selenium-webdriver/lib/promise.js:2505:12)
    at schedulerExecute (/Users/haishengwu/freizl/haskell-okta/samples/test-e2e/node_modules/jasminewd2/index.js:95:18)
    at TaskQueue.execute_ (/Users/haishengwu/freizl/haskell-okta/samples/test-e2e/node_modules/selenium-webdriver/lib/promise.js:3084:14)
    at TaskQueue.executeNext_ (/Users/haishengwu/freizl/haskell-okta/samples/test-e2e/node_modules/selenium-webdriver/lib/promise.js:3067:27)
    at asyncRun (/Users/haishengwu/freizl/haskell-okta/samples/test-e2e/node_modules/selenium-webdriver/lib/promise.js:2974:25)]]>
   </failure>
  </testcase>
  <testcase classname="Okta Hosted Login Flow" name="can access user profile" time="0.03">
   <failure type="exception" message="Failed: No element found using locator: By(css selector, #profile-button)"><![CDATA[NoSuchElementError: No element found using locator: By(css selector, #profile-button)
    at elementArrayFinder.getWebElements.then (/Users/haishengwu/freizl/haskell-okta/samples/test-e2e/node_modules/protractor/built/element.js:814:27)
    at ManagedPromise.invokeCallback_ (/Users/haishengwu/freizl/haskell-okta/samples/test-e2e/node_modules/selenium-webdriver/lib/promise.js:1376:14)
    at TaskQueue.execute_ (/Users/haishengwu/freizl/haskell-okta/samples/test-e2e/node_modules/selenium-webdriver/lib/promise.js:3084:14)
    at TaskQueue.executeNext_ (/Users/haishengwu/freizl/haskell-okta/samples/test-e2e/node_modules/selenium-webdriver/lib/promise.js:3067:27)
    at asyncRun (/Users/haishengwu/freizl/haskell-okta/samples/test-e2e/node_modules/selenium-webdriver/lib/promise.js:2927:27)
    at /Users/haishengwu/freizl/haskell-okta/samples/test-e2e/node_modules/selenium-webdriver/lib/promise.js:668:7
    at <anonymous>
    at process._tickCallback (internal/process/next_tick.js:188:7)Error
    at ElementArrayFinder.applyAction_ (/Users/haishengwu/freizl/haskell-okta/samples/test-e2e/node_modules/protractor/built/element.js:459:27)
    at ElementArrayFinder.(anonymous function).args [as click] (/Users/haishengwu/freizl/haskell-okta/samples/test-e2e/node_modules/protractor/built/element.js:91:29)
    at ElementFinder.(anonymous function).args [as click] (/Users/haishengwu/freizl/haskell-okta/samples/test-e2e/node_modules/protractor/built/element.js:831:22)
    at AuthenticatedHomePage.viewProfile (/Users/haishengwu/freizl/haskell-okta/samples/test-e2e/node_modules/okta-oidc-tck/e2e-tests/page-objects/shared/authenticated-home-page.js:42:32)
    at UserContext.it (/Users/haishengwu/freizl/haskell-okta/samples/test-e2e/node_modules/okta-oidc-tck/e2e-tests/okta-hosted-login/specs/okta-hosted-login-flow-spec.js:51:27)
    at /Users/haishengwu/freizl/haskell-okta/samples/test-e2e/node_modules/jasminewd2/index.js:112:25
    at new ManagedPromise (/Users/haishengwu/freizl/haskell-okta/samples/test-e2e/node_modules/selenium-webdriver/lib/promise.js:1077:7)
    at ControlFlow.promise (/Users/haishengwu/freizl/haskell-okta/samples/test-e2e/node_modules/selenium-webdriver/lib/promise.js:2505:12)
    at schedulerExecute (/Users/haishengwu/freizl/haskell-okta/samples/test-e2e/node_modules/jasminewd2/index.js:95:18)
    at TaskQueue.execute_ (/Users/haishengwu/freizl/haskell-okta/samples/test-e2e/node_modules/selenium-webdriver/lib/promise.js:3084:14)
From: Task: Run it("can access user profile") in control flow
    at UserContext.<anonymous> (/Users/haishengwu/freizl/haskell-okta/samples/test-e2e/node_modules/jasminewd2/index.js:94:19)
    at attempt (/Users/haishengwu/freizl/haskell-okta/samples/test-e2e/node_modules/protractor/node_modules/jasmine-core/lib/jasmine-core/jasmine.js:4297:26)
    at QueueRunner.run (/Users/haishengwu/freizl/haskell-okta/samples/test-e2e/node_modules/protractor/node_modules/jasmine-core/lib/jasmine-core/jasmine.js:4217:20)
    at runNext (/Users/haishengwu/freizl/haskell-okta/samples/test-e2e/node_modules/protractor/node_modules/jasmine-core/lib/jasmine-core/jasmine.js:4257:20)
    at /Users/haishengwu/freizl/haskell-okta/samples/test-e2e/node_modules/protractor/node_modules/jasmine-core/lib/jasmine-core/jasmine.js:4264:13
    at /Users/haishengwu/freizl/haskell-okta/samples/test-e2e/node_modules/protractor/node_modules/jasmine-core/lib/jasmine-core/jasmine.js:4172:9
    at /Users/haishengwu/freizl/haskell-okta/samples/test-e2e/node_modules/jasminewd2/index.js:64:48
    at ControlFlow.emit (/Users/haishengwu/freizl/haskell-okta/samples/test-e2e/node_modules/selenium-webdriver/lib/events.js:62:21)
    at ControlFlow.shutdown_ (/Users/haishengwu/freizl/haskell-okta/samples/test-e2e/node_modules/selenium-webdriver/lib/promise.js:2674:10)
    at shutdownTask_.MicroTask (/Users/haishengwu/freizl/haskell-okta/samples/test-e2e/node_modules/selenium-webdriver/lib/promise.js:2599:53)
From asynchronous test: 
Error
    at Suite.describe (/Users/haishengwu/freizl/haskell-okta/samples/test-e2e/node_modules/okta-oidc-tck/e2e-tests/okta-hosted-login/specs/okta-hosted-login-flow-spec.js:50:3)
    at addSpecsToSuite (/Users/haishengwu/freizl/haskell-okta/samples/test-e2e/node_modules/protractor/node_modules/jasmine-core/lib/jasmine-core/jasmine.js:1107:25)
    at Env.describe (/Users/haishengwu/freizl/haskell-okta/samples/test-e2e/node_modules/protractor/node_modules/jasmine-core/lib/jasmine-core/jasmine.js:1074:7)
    at describe (/Users/haishengwu/freizl/haskell-okta/samples/test-e2e/node_modules/protractor/node_modules/jasmine-core/lib/jasmine-core/jasmine.js:4399:18)
    at Object.<anonymous> (/Users/haishengwu/freizl/haskell-okta/samples/test-e2e/node_modules/okta-oidc-tck/e2e-tests/okta-hosted-login/specs/okta-hosted-login-flow-spec.js:22:1)
    at Module._compile (module.js:652:30)
    at Object.Module._extensions..js (module.js:663:10)
    at Module.load (module.js:565:32)
    at tryModuleLoad (module.js:505:12)]]>
   </failure>
  </testcase>
  <testcase classname="Okta Hosted Login Flow" name="can access resource server messages after login" time="0.001" />
  <testcase classname="Okta Hosted Login Flow" name="can log the user out" time="60.005">
   <failure type="exception" message="Error: Timeout - Async callback was not invoked within timeout specified by jasmine.DEFAULT_TIMEOUT_INTERVAL."><![CDATA[Error: Timeout - Async callback was not invoked within timeout specified by jasmine.DEFAULT_TIMEOUT_INTERVAL.
    at Timeout._onTimeout (/Users/haishengwu/freizl/haskell-okta/samples/test-e2e/node_modules/protractor/node_modules/jasmine-core/lib/jasmine-core/jasmine.js:4281:23)
    at ontimeout (timers.js:482:11)
    at tryOnTimeout (timers.js:317:5)
    at Timer.listOnTimeout (timers.js:277:5)]]>
   </failure>
   <failure type="exception" message="Error: Timeout - Async callback was not invoked within timeout specified by jasmine.DEFAULT_TIMEOUT_INTERVAL."><![CDATA[Error: Timeout - Async callback was not invoked within timeout specified by jasmine.DEFAULT_TIMEOUT_INTERVAL.
    at Timeout._onTimeout (/Users/haishengwu/freizl/haskell-okta/samples/test-e2e/node_modules/protractor/node_modules/jasmine-core/lib/jasmine-core/jasmine.js:4281:23)
    at ontimeout (timers.js:482:11)
    at tryOnTimeout (timers.js:317:5)
    at Timer.listOnTimeout (timers.js:277:5)]]>
   </failure>
  </testcase>
 </testsuite>
</testsuites>